2017-01-17 16:52:45	<?xml version="1.0" encoding="utf-8" ?><error_response><code>15</code><msg>Remote service error</msg><sub_code>isv.AMOUNT_NOT_ENOUGH</sub_code><sub_msg>余额不足</sub_msg><request_id>iv13i6t6fmg8</request_id></error_response><!--top010184078131.et2-->
2017-01-17 16:54:23	<?xml version="1.0" encoding="utf-8" ?><error_response><code>15</code><msg>Remote service error</msg><sub_code>isv.AMOUNT_NOT_ENOUGH</sub_code><sub_msg>余额不足</sub_msg><request_id>ztat9co9rdyp</request_id></error_response><!--top010178045098.n.et2-->
2017-01-17 16:55:41	<?xml version="1.0" encoding="utf-8" ?><error_response><code>15</code><msg>Remote service error</msg><sub_code>isv.AMOUNT_NOT_ENOUGH</sub_code><sub_msg>余额不足</sub_msg><request_id>zddsvd3dtl4w</request_id></error_response><!--top010178019138.n.et2-->
2017-01-17 16:58:05	<?xml version="1.0" encoding="utf-8" ?><error_response><code>15</code><msg>Remote service error</msg><sub_code>isv.AMOUNT_NOT_ENOUGH</sub_code><sub_msg>余额不足</sub_msg><request_id>ryi65g7qev4c</request_id></error_response><!--top011186098056.eu13-->
2017-01-17 17:06:11	<?xml version="1.0" encoding="utf-8" ?><error_response><code>15</code><msg>Remote service error</msg><sub_code>isv.AMOUNT_NOT_ENOUGH</sub_code><sub_msg>余额不足</sub_msg><request_id>z28pmffkx6zq</request_id></error_response><!--top010178001115.n.et2-->
2017-01-17 17:06:53	<?xml version="1.0" encoding="utf-8" ?><error_response><code>15</code><msg>Remote service error</msg><sub_code>isv.AMOUNT_NOT_ENOUGH</sub_code><sub_msg>余额不足</sub_msg><request_id>z27xk7mm5k63</request_id></error_response><!--top010178001106.n.et2-->
2017-01-17 17:07:48	<?xml version="1.0" encoding="utf-8" ?><error_response><code>15</code><msg>Remote service error</msg><sub_code>isv.AMOUNT_NOT_ENOUGH</sub_code><sub_msg>余额不足</sub_msg><request_id>zqcgethp7zj8</request_id></error_response><!--top010178040150.n.et2-->
2017-01-17 17:14:42	<?xml version="1.0" encoding="utf-8" ?><error_response><code>15</code><msg>Remote service error</msg><sub_code>isv.AMOUNT_NOT_ENOUGH</sub_code><sub_msg>余额不足</sub_msg><request_id>3b4zq1si9mkc</request_id></error_response><!--top011250193112.eu13-->
2017-01-17 17:15:43	<?xml version="1.0" encoding="utf-8" ?><error_response><code>15</code><msg>Remote service error</msg><sub_code>isv.AMOUNT_NOT_ENOUGH</sub_code><sub_msg>余额不足</sub_msg><request_id>3gj66ewhsds8</request_id></error_response><!--top011250202050.eu13-->
2017-01-17 17:24:01	<?xml version="1.0" encoding="utf-8" ?><error_response><code>15</code><msg>Remote service error</msg><sub_code>isv.AMOUNT_NOT_ENOUGH</sub_code><sub_msg>余额不足</sub_msg><request_id>1475sz8r1ogk5</request_id></error_response><!--top010179045178.s.et2-->
2017-01-17 17:25:04	<?xml version="1.0" encoding="utf-8" ?><error_response><code>15</code><msg>Remote service error</msg><sub_code>isv.AMOUNT_NOT_ENOUGH</sub_code><sub_msg>余额不足</sub_msg><request_id>eoo8orzdvakm</request_id></error_response><!--top011183090098.eu13-->
2017-01-17 18:00:42	<?xml version="1.0" encoding="utf-8" ?><error_response><code>15</code><msg>Remote service error</msg><sub_code>isv.AMOUNT_NOT_ENOUGH</sub_code><sub_msg>余额不足</sub_msg><request_id>2swbe3ojqwat</request_id></error_response><!--top010150163210.eu13-->
2017-01-17 18:01:47	<?xml version="1.0" encoding="utf-8" ?><error_response><code>15</code><msg>Remote service error</msg><sub_code>isv.AMOUNT_NOT_ENOUGH</sub_code><sub_msg>余额不足</sub_msg><request_id>2fs16n5dpx7c</request_id></error_response><!--top011250142133.eu13-->
2017-01-17 18:12:37	<?xml version="1.0" encoding="utf-8" ?><error_response><code>15</code><msg>Remote service error</msg><sub_code>isv.AMOUNT_NOT_ENOUGH</sub_code><sub_msg>余额不足</sub_msg><request_id>z28g9qp6yht2</request_id></error_response><!--top010178001112.n.et2-->
2017-01-17 18:14:34	<?xml version="1.0" encoding="utf-8" ?><error_response><code>15</code><msg>Remote service error</msg><sub_code>isv.AMOUNT_NOT_ENOUGH</sub_code><sub_msg>余额不足</sub_msg><request_id>2fry2en2i9lo</request_id></error_response><!--top011250142132.eu13-->
2017-01-17 18:20:06	<?xml version="1.0" encoding="utf-8" ?><error_response><code>15</code><msg>Remote service error</msg><sub_code>isv.AMOUNT_NOT_ENOUGH</sub_code><sub_msg>余额不足</sub_msg><request_id>3dp8chhu0qgf</request_id></error_response><!--top011250197153.eu13-->
2017-01-17 18:20:33	<?xml version="1.0" encoding="utf-8" ?><error_response><code>15</code><msg>Remote service error</msg><sub_code>isv.AMOUNT_NOT_ENOUGH</sub_code><sub_msg>余额不足</sub_msg><request_id>qm4pfqj4j0kz</request_id></error_response><!--top010176019173.et2-->
2017-01-17 18:22:24	<?xml version="1.0" encoding="utf-8" ?><error_response><code>15</code><msg>Remote service error</msg><sub_code>isv.AMOUNT_NOT_ENOUGH</sub_code><sub_msg>余额不足</sub_msg><request_id>u1tuzos5eri</request_id></error_response><!--top011250048202.eu13-->
2017-01-17 19:08:30	<?xml version="1.0" encoding="utf-8" ?><error_response><code>15</code><msg>Remote service error</msg><sub_code>isv.AMOUNT_NOT_ENOUGH</sub_code><sub_msg>余额不足</sub_msg><request_id>z25f55ula688</request_id></error_response><!--top010178001077.n.et2-->
2017-01-17 19:09:15	<?xml version="1.0" encoding="utf-8" ?><error_response><code>15</code><msg>Remote service error</msg><sub_code>isv.AMOUNT_NOT_ENOUGH</sub_code><sub_msg>余额不足</sub_msg><request_id>3i3q7dsionlr</request_id></error_response><!--top011250204191.eu13-->
